INFO:     Will watch for changes in these directories: ['/Users/atulkapoor/Documents/C(AI)DENCE/backend']
INFO:     Uvicorn running on http://127.0.0.1:8080 (Press CTRL+C to quit)
INFO:     Started reloader process [35731] using StatReload
Process SpawnProcess-1:
Traceback (most recent call last):
  File "/Library/Frameworks/Python.framework/Versions/3.10/lib/python3.10/multiprocessing/process.py", line 315, in _bootstrap
    self.run()
  File "/Library/Frameworks/Python.framework/Versions/3.10/lib/python3.10/multiprocessing/process.py", line 108, in run
    self._target(*self._args, **self._kwargs)
  File "/Users/atulkapoor/Documents/C(AI)DENCE/backend/venv/lib/python3.10/site-packages/uvicorn/_subprocess.py", line 80, in subprocess_started
    target(sockets=sockets)
  File "/Users/atulkapoor/Documents/C(AI)DENCE/backend/venv/lib/python3.10/site-packages/uvicorn/server.py", line 67, in run
    return asyncio_run(self.serve(sockets=sockets), loop_factory=self.config.get_loop_factory())
  File "/Users/atulkapoor/Documents/C(AI)DENCE/backend/venv/lib/python3.10/site-packages/uvicorn/_compat.py", line 60, in asyncio_run
    return loop.run_until_complete(main)
  File "/Library/Frameworks/Python.framework/Versions/3.10/lib/python3.10/asyncio/base_events.py", line 646, in run_until_complete
    return future.result()
  File "/Users/atulkapoor/Documents/C(AI)DENCE/backend/venv/lib/python3.10/site-packages/uvicorn/server.py", line 71, in serve
    await self._serve(sockets)
  File "/Users/atulkapoor/Documents/C(AI)DENCE/backend/venv/lib/python3.10/site-packages/uvicorn/server.py", line 78, in _serve
    config.load()
  File "/Users/atulkapoor/Documents/C(AI)DENCE/backend/venv/lib/python3.10/site-packages/uvicorn/config.py", line 439, in load
    self.loaded_app = import_from_string(self.app)
  File "/Users/atulkapoor/Documents/C(AI)DENCE/backend/venv/lib/python3.10/site-packages/uvicorn/importer.py", line 19, in import_from_string
    module = importlib.import_module(module_str)
  File "/Library/Frameworks/Python.framework/Versions/3.10/lib/python3.10/importlib/__init__.py", line 126, in import_module
    return _bootstrap._gcd_import(name[level:], package, level)
  File "<frozen importlib._bootstrap>", line 1050, in _gcd_import
  File "<frozen importlib._bootstrap>", line 1027, in _find_and_load
  File "<frozen importlib._bootstrap>", line 1006, in _find_and_load_unlocked
  File "<frozen importlib._bootstrap>", line 688, in _load_unlocked
  File "<frozen importlib._bootstrap_external>", line 883, in exec_module
  File "<frozen importlib._bootstrap>", line 241, in _call_with_frames_removed
  File "/Users/atulkapoor/Documents/C(AI)DENCE/backend/app/main.py", line 50, in <module>
    from app.api.api import api_router
  File "/Users/atulkapoor/Documents/C(AI)DENCE/backend/app/api/api.py", line 2, in <module>
    from app.api.endpoints import (
  File "/Users/atulkapoor/Documents/C(AI)DENCE/backend/app/api/endpoints/admin.py", line 13, in <module>
    from app.models import User, Organization, Brand, Creator, UserPermission
ImportError: cannot import name 'UserPermission' from 'app.models' (/Users/atulkapoor/Documents/C(AI)DENCE/backend/app/models/__init__.py)
WARNING:  StatReload detected changes in 'app/models/__init__.py'. Reloading...
Process SpawnProcess-2:
Traceback (most recent call last):
  File "/Library/Frameworks/Python.framework/Versions/3.10/lib/python3.10/multiprocessing/process.py", line 315, in _bootstrap
    self.run()
  File "/Library/Frameworks/Python.framework/Versions/3.10/lib/python3.10/multiprocessing/process.py", line 108, in run
    self._target(*self._args, **self._kwargs)
  File "/Users/atulkapoor/Documents/C(AI)DENCE/backend/venv/lib/python3.10/site-packages/uvicorn/_subprocess.py", line 73, in subprocess_started
    sys.stdin = os.fdopen(stdin_fileno)  # pragma: full coverage
  File "/Library/Frameworks/Python.framework/Versions/3.10/lib/python3.10/os.py", line 1029, in fdopen
    return io.open(fd, mode, buffering, encoding, *args, **kwargs)
OSError: [Errno 9] Bad file descriptor
WARNING:  StatReload detected changes in 'app/models/__init__.py'. Reloading...
Process SpawnProcess-3:
Traceback (most recent call last):
  File "/Library/Frameworks/Python.framework/Versions/3.10/lib/python3.10/multiprocessing/process.py", line 315, in _bootstrap
    self.run()
  File "/Library/Frameworks/Python.framework/Versions/3.10/lib/python3.10/multiprocessing/process.py", line 108, in run
    self._target(*self._args, **self._kwargs)
  File "/Users/atulkapoor/Documents/C(AI)DENCE/backend/venv/lib/python3.10/site-packages/uvicorn/_subprocess.py", line 73, in subprocess_started
    sys.stdin = os.fdopen(stdin_fileno)  # pragma: full coverage
  File "/Library/Frameworks/Python.framework/Versions/3.10/lib/python3.10/os.py", line 1029, in fdopen
    return io.open(fd, mode, buffering, encoding, *args, **kwargs)
OSError: [Errno 9] Bad file descriptor
INFO:     Stopping reloader process [35731]
